#
# There is insufficient memory for the Java Runtime Environment to continue.
# Native memory allocation (mmap) failed to map 260046848 bytes for G1 virtual space
# Possible reasons:
#   The system is out of physical RAM or swap space
#   The process is running with CompressedOops enabled, and the Java Heap may be blocking the growth of the native heap
# Possible solutions:
#   Reduce memory load on the system
#   Increase physical memory or swap space
#   Check if swap backing store is full
#   Decrease Java heap size (-Xmx/-Xms)
#   Decrease number of Java threads
#   Decrease Java thread stack sizes (-Xss)
#   Set larger code cache with -XX:ReservedCodeCacheSize=
#   JVM is running with Zero Based Compressed Oops mode in which the Java heap is
#     placed in the first 32GB address space. The Java Heap base address is the
#     maximum limit for the native heap growth. Please use -XX:HeapBaseMinAddress
#     to set the Java Heap base and to place the Java Heap above 32GB virtual address.
# This output file may be truncated or incomplete.
#
#  Out of Memory Error (os_windows.cpp:3600), pid=12008, tid=29616
#
# JRE version:  (21.0.1+12) (build )
# Java VM: Java HotSpot(TM) 64-Bit Server VM (21.0.1+12-LTS-29, mixed mode, sharing, tiered, compressed oops, compressed class ptrs, g1 gc, windows-amd64)
# No core dump will be written. Minidumps are not enabled by default on client versions of Windows
#

---------------  S U M M A R Y ------------

Command Line: -agentlib:jdwp=transport=dt_socket,server=n,suspend=y,address=localhost:49238 -XX:+ShowCodeDetailsInExceptionMessages --module-path=D:\DEV\WorkSpace-for-Java\Ebook-App\target\classes -Djdk.module.main=Test Test/Experiment.Study

Host: AMD Ryzen 5 3550H with Radeon Vega Mobile Gfx  , 8 cores, 15G,  Windows 11 , 64 bit Build 22621 (10.0.22621.2506)
Time: Sun Nov 26 14:44:18 2023 SE Asia Standard Time elapsed time: 0.044980 seconds (0d 0h 0m 0s)

---------------  T H R E A D  ---------------

Current thread (0x00000271ad2f14b0):  JavaThread "Unknown thread" [_thread_in_vm, id=29616, stack(0x000000a78a800000,0x000000a78a900000) (1024K)]

Stack: [0x000000a78a800000,0x000000a78a900000]
Native frames: (J=compiled Java code, j=interpreted, Vv=VM code, C=native code)
V  [jvm.dll+0x6c9029]
V  [jvm.dll+0x854b81]
V  [jvm.dll+0x856e5e]
V  [jvm.dll+0x857543]
V  [jvm.dll+0x280c06]
V  [jvm.dll+0x6c5715]
V  [jvm.dll+0x6ba10a]
V  [jvm.dll+0x3557ea]
V  [jvm.dll+0x35d436]
V  [jvm.dll+0x3ae1be]
V  [jvm.dll+0x3ae468]
V  [jvm.dll+0x3291fc]
V  [jvm.dll+0x329d8b]
V  [jvm.dll+0x81d179]
V  [jvm.dll+0x3bb4f1]
V  [jvm.dll+0x805ae8]
V  [jvm.dll+0x44effe]
V  [jvm.dll+0x450901]
C  [jli.dll+0x52a3]
C  [ucrtbase.dll+0x29363]
C  [KERNEL32.DLL+0x1257d]
C  [ntdll.dll+0x5aa58]


---------------  P R O C E S S  ---------------

Threads class SMR info:
_java_thread_list=0x00007ffc51179b88, length=0, elements={
}

Java Threads: ( => current thread )
Total: 0

Other Threads:
  0x00000271af5f6fb0 WorkerThread "GC Thread#0"                     [id=21468, stack(0x000000a78a900000,0x000000a78aa00000) (1024K)]
  0x00000271af608370 ConcurrentGCThread "G1 Main Marker"            [id=11872, stack(0x000000a78aa00000,0x000000a78ab00000) (1024K)]
  0x00000271af609520 WorkerThread "G1 Conc#0"                       [id=25332, stack(0x000000a78ab00000,0x000000a78ac00000) (1024K)]

[error occurred during error reporting (printing all threads), id 0xc0000005, EXCEPTION_ACCESS_VIOLATION (0xc0000005) at pc=0x00007ffc508ec2c7]
VM state: not at safepoint (not fully initialized)

VM Mutex/Monitor currently owned by a thread:  ([mutex/lock_event])
[0x00007ffc511ea6f8] Heap_lock - owner thread: 0x00000271ad2f14b0

Heap address: 0x0000000708e00000, size: 3954 MB, Compressed Oops mode: Zero based, Oop shift amount: 3

CDS archive(s) mapped at: [0x0000000000000000-0x0000000000000000-0x0000000000000000), size 0, SharedBaseAddress: 0x0000000800000000, ArchiveRelocationMode: 1.
Narrow klass base: 0x0000000000000000, Narrow klass shift: 0, Narrow klass range: 0x0

GC Precious Log:
 CardTable entry size: 512
 Card Set container configuration: InlinePtr #cards 4 size 8 Array Of Cards #cards 16 size 48 Howl #buckets 8 coarsen threshold 3686 Howl Bitmap #cards 512 size 80 coarsen threshold 460 Card regions per heap region 1 cards per card region 4096

Heap:
 garbage-first heap   total 0K, used 0K [0x0000000708e00000, 0x0000000800000000)
  region size 2048K, 0 young (0K), 0 survivors (0K)

[error occurred during error reporting (printing heap information), id 0xc0000005, EXCEPTION_ACCESS_VIOLATION (0xc0000005) at pc=0x00007ffc50cd1be9]
GC Heap History (0 events):
No events

Dll operation events (1 events):
Event: 0.017 Loaded shared library C:\Program Files\Java\jdk-21\bin\java.dll

Deoptimization events (0 events):
No events

Classes loaded (0 events):
No events

Classes unloaded (0 events):
No events

Classes redefined (0 events):
No events

Internal exceptions (0 events):
No events

ZGC Phase Switch (0 events):
No events

VM Operations (0 events):
No events

Events (0 events):
No events


Dynamic libraries:
0x00007ff6e7890000 - 0x00007ff6e78a0000 	C:\Program Files\Java\jdk-21\bin\java.exe
0x00007ffd1b6d0000 - 0x00007ffd1b8e7000 	C:\Windows\SYSTEM32\ntdll.dll
0x00007ffd1ac70000 - 0x00007ffd1ad34000 	C:\Windows\System32\KERNEL32.DLL
0x00007ffd18d50000 - 0x00007ffd190f5000 	C:\Windows\System32\KERNELBASE.dll
0x00007ffd18a40000 - 0x00007ffd18b51000 	C:\Windows\System32\ucrtbase.dll
0x00007ffcf0910000 - 0x00007ffcf092b000 	C:\Program Files\Java\jdk-21\bin\VCRUNTIME140.dll
0x00007ffce2c90000 - 0x00007ffce2ca9000 	C:\Program Files\Java\jdk-21\bin\jli.dll
0x00007ffd1ad60000 - 0x00007ffd1ae11000 	C:\Windows\System32\ADVAPI32.dll
0x00007ffd1ab10000 - 0x00007ffd1abb7000 	C:\Windows\System32\msvcrt.dll
0x00007ffd19720000 - 0x00007ffd197c6000 	C:\Windows\System32\sechost.dll
0x00007ffd19420000 - 0x00007ffd19537000 	C:\Windows\System32\RPCRT4.dll
0x00007ffd197d0000 - 0x00007ffd1997e000 	C:\Windows\System32\USER32.dll
0x00007ffd18c00000 - 0x00007ffd18c26000 	C:\Windows\System32\win32u.dll
0x00007ffd05150000 - 0x00007ffd053e3000 	C:\Windows\WinSxS\amd64_microsoft.windows.common-controls_6595b64144ccf1df_6.0.22621.2506_none_270c5ae97388e100\COMCTL32.dll
0x00007ffd19980000 - 0x00007ffd199a9000 	C:\Windows\System32\GDI32.dll
0x00007ffd18c30000 - 0x00007ffd18d49000 	C:\Windows\System32\gdi32full.dll
0x00007ffd18b60000 - 0x00007ffd18bfa000 	C:\Windows\System32\msvcp_win.dll
0x00007ffd106f0000 - 0x00007ffd106fa000 	C:\Windows\SYSTEM32\VERSION.dll
0x00007ffd1a870000 - 0x00007ffd1a8a1000 	C:\Windows\System32\IMM32.DLL
0x00007ffd085c0000 - 0x00007ffd085cc000 	C:\Program Files\Java\jdk-21\bin\vcruntime140_1.dll
0x00007ffca0da0000 - 0x00007ffca0e2e000 	C:\Program Files\Java\jdk-21\bin\msvcp140.dll
0x00007ffc505b0000 - 0x00007ffc512c5000 	C:\Program Files\Java\jdk-21\bin\server\jvm.dll
0x00007ffd1a640000 - 0x00007ffd1a6b1000 	C:\Windows\System32\WS2_32.dll
0x00007ffd181b0000 - 0x00007ffd181fd000 	C:\Windows\SYSTEM32\POWRPROF.dll
0x00007ffd115f0000 - 0x00007ffd11624000 	C:\Windows\SYSTEM32\WINMM.dll
0x00007ffd18060000 - 0x00007ffd18073000 	C:\Windows\SYSTEM32\UMPDC.dll
0x00007ffd179e0000 - 0x00007ffd179f8000 	C:\Windows\SYSTEM32\kernel.appcore.dll
0x00007ffd06cb0000 - 0x00007ffd06cba000 	C:\Program Files\Java\jdk-21\bin\jimage.dll
0x00007ffd08260000 - 0x00007ffd08493000 	C:\Windows\SYSTEM32\DBGHELP.DLL
0x00007ffd19e30000 - 0x00007ffd1a1b9000 	C:\Windows\System32\combase.dll
0x00007ffd19540000 - 0x00007ffd19617000 	C:\Windows\System32\OLEAUT32.dll
0x00007ffcff560000 - 0x00007ffcff592000 	C:\Windows\SYSTEM32\dbgcore.DLL
0x00007ffd19270000 - 0x00007ffd192ea000 	C:\Windows\System32\bcryptPrimitives.dll
0x00007ffcb1330000 - 0x00007ffcb136c000 	C:\Program Files\Java\jdk-21\bin\jdwp.dll
0x00007ffcd1f30000 - 0x00007ffcd1f4f000 	C:\Program Files\Java\jdk-21\bin\java.dll

dbghelp: loaded successfully - version: 4.0.5 - missing functions: none
symbol engine: initialized successfully - sym options: 0x614 - pdb path: .;C:\Program Files\Java\jdk-21\bin;C:\Windows\SYSTEM32;C:\Windows\WinSxS\amd64_microsoft.windows.common-controls_6595b64144ccf1df_6.0.22621.2506_none_270c5ae97388e100;C:\Program Files\Java\jdk-21\bin\server

VM Arguments:
jvm_args: -agentlib:jdwp=transport=dt_socket,server=n,suspend=y,address=localhost:49238 -XX:+ShowCodeDetailsInExceptionMessages --module-path=D:\DEV\WorkSpace-for-Java\Ebook-App\target\classes -Djdk.module.main=Test 
java_command: Test/Experiment.Study
java_class_path (initial): C:\Users\ASUS\.m2\repository\junit\junit\4.11\junit-4.11.jar;C:\Users\ASUS\.m2\repository\org\hamcrest\hamcrest-core\1.3\hamcrest-core-1.3.jar;C:\Users\ASUS\.m2\repository\javax\servlet\jstl\1.2\jstl-1.2.jar;C:\Users\ASUS\.m2\repository\com\mysql\mysql-connector-j\8.0.33\mysql-connector-j-8.0.33.jar;C:\Users\ASUS\.m2\repository\com\google\protobuf\protobuf-java\3.21.9\protobuf-java-3.21.9.jar
Launcher Type: SUN_STANDARD

[Global flags]
     intx CICompilerCount                          = 4                                         {product} {ergonomic}
     uint ConcGCThreads                            = 2                                         {product} {ergonomic}
     uint G1ConcRefinementThreads                  = 8                                         {product} {ergonomic}
   size_t G1HeapRegionSize                         = 2097152                                   {product} {ergonomic}
    uintx GCDrainStackTargetSize                   = 64                                        {product} {ergonomic}
   size_t InitialHeapSize                          = 260046848                                 {product} {ergonomic}
   size_t MarkStackSize                            = 4194304                                   {product} {ergonomic}
   size_t MaxHeapSize                              = 4146069504                                {product} {ergonomic}
   size_t MinHeapDeltaBytes                        = 2097152                                   {product} {ergonomic}
   size_t MinHeapSize                              = 8388608                                   {product} {ergonomic}
    uintx NonNMethodCodeHeapSize                   = 5839372                                {pd product} {ergonomic}
    uintx NonProfiledCodeHeapSize                  = 122909434                              {pd product} {ergonomic}
    uintx ProfiledCodeHeapSize                     = 122909434                              {pd product} {ergonomic}
    uintx ReservedCodeCacheSize                    = 251658240                              {pd product} {ergonomic}
     bool SegmentedCodeCache                       = true                                      {product} {ergonomic}
     bool ShowCodeDetailsInExceptionMessages       = true                                   {manageable} {command line}
   size_t SoftMaxHeapSize                          = 4146069504                             {manageable} {ergonomic}
     bool UseCompressedOops                        = true                           {product lp64_product} {ergonomic}
     bool UseG1GC                                  = true                                      {product} {ergonomic}
     bool UseLargePagesIndividualAllocation        = false                                  {pd product} {ergonomic}

Logging:
Log output configuration:
 #0: stdout all=warning uptime,level,tags foldmultilines=false
 #1: stderr all=off uptime,level,tags foldmultilines=false

Environment Variables:
JAVA_HOME=C:\Program Files\Java\jdk-21
PATH=C:\Program Files\Common Files\Oracle\Java\javapath;C:\Windows\system32;C:\Windows;C:\Windows\System32\Wbem;C:\Windows\System32\WindowsPowerShell\v1.0\;C:\Windows\System32\OpenSSH\;C:\xampp\php;C:\ProgramData\ComposerSetup\bin;C:\Program Files\Git\cmd;C:\Program Files\nodejs\;C:\ProgramData\chocolatey\bin;C:\Users\ASUS\AppData\Local\Programs\Python\Python311\Scripts;C:\Python311;C:\Python311\Scripts;C:\Program Files\Java\jdk-18.0.2.1\bin;E:\Workspace-for-OpenGL\PYOPENGL\freeglut64.vc14.dll;C:\Python311\Scripts;D:\DEV\WorkSpace-for-Python\ffmpeg-master-latest-win64-gpl-shared\bin;C:\Users\ASUS\AppData\Local\Programs\Python\Python311\Scripts\;C:\Users\ASUS\AppData\Local\Programs\Python\Python311\;C:\Program Files\Common Files\Oracle\Java\javapath;C:\Windows\system32;C:\Windows;C:\Windows\System32\Wbem;C:\Windows\System32\WindowsPowerShell\v1.0\;C:\Windows\System32\OpenSSH\;C:\xampp\php;C:\ProgramData\ComposerSetup\bin;C:\Program Files\Git\cmd;C:\Program Files\nodejs\;C:\ProgramData\chocolatey\bin;C:\Users\ASUS\AppData\Local\Microsoft\WindowsApps;C:\Users\ASUS\AppData\Local\Programs\Microsoft VS Code\bin;C:\Users\ASUS\AppData\Roaming\Composer\vendor\bin;C:\Users\ASUS\AppData\Roaming\npm;C:\Python311\Scripts;;E:\JetBrains\IntelliJ IDEA 2023.2.5\bin;
USERNAME=ASUS
LANG=en_US.UTF-8
OS=Windows_NT
PROCESSOR_IDENTIFIER=AMD64 Family 23 Model 24 Stepping 1, AuthenticAMD
TMP=C:\Users\ASUS\AppData\Local\Temp
TEMP=C:\Users\ASUS\AppData\Local\Temp




Periodic native trim disabled

---------------  S Y S T E M  ---------------

OS:
 Windows 11 , 64 bit Build 22621 (10.0.22621.2506)
OS uptime: 3 days 12:18 hours

CPU: total 8 (initial active 8) (8 cores per cpu, 2 threads per core) family 23 model 24 stepping 1 microcode 0x0, cx8, cmov, fxsr, ht, mmx, 3dnowpref, sse, sse2, sse3, ssse3, sse4a, sse4.1, sse4.2, popcnt, lzcnt, tsc, tscinvbit, avx, avx2, aes, clmul, bmi1, bmi2, adx, sha, fma, vzeroupper, clflush, clflushopt, rdtscp, f16c
Processor Information for all 8 processors :
  Max Mhz: 2100, Current Mhz: 1400, Mhz Limit: 2100

Memory: 4k page, system-wide physical 15808M (3101M free)
TotalPageFile size 22391M (AvailPageFile size 120M)
current process WorkingSet (physical memory assigned to process): 11M, peak: 11M
current process commit charge ("private bytes"): 60M, peak: 308M

vm_info: Java HotSpot(TM) 64-Bit Server VM (21.0.1+12-LTS-29) for windows-amd64 JRE (21.0.1+12-LTS-29), built on 2023-10-05T13:27:09Z by "mach5one" with MS VC++ 17.1 (VS2022)

END.
