#
# There is insufficient memory for the Java Runtime Environment to continue.
# Native memory allocation (malloc) failed to allocate 1048576 bytes for AllocateHeap
# Possible reasons:
#   The system is out of physical RAM or swap space
#   The process is running with CompressedOops enabled, and the Java Heap may be blocking the growth of the native heap
# Possible solutions:
#   Reduce memory load on the system
#   Increase physical memory or swap space
#   Check if swap backing store is full
#   Decrease Java heap size (-Xmx/-Xms)
#   Decrease number of Java threads
#   Decrease Java thread stack sizes (-Xss)
#   Set larger code cache with -XX:ReservedCodeCacheSize=
#   JVM is running with Unscaled Compressed Oops mode in which the Java heap is
#     placed in the first 4GB address space. The Java Heap base address is the
#     maximum limit for the native heap growth. Please use -XX:HeapBaseMinAddress
#     to set the Java Heap base and to place the Java Heap above 4GB virtual address.
# This output file may be truncated or incomplete.
#
#  Out of Memory Error (allocation.cpp:44), pid=6004, tid=29416
#
# JRE version: OpenJDK Runtime Environment Temurin-17.0.10+7 (17.0.10+7) (build 17.0.10+7)
# Java VM: OpenJDK 64-Bit Server VM Temurin-17.0.10+7 (17.0.10+7, mixed mode, emulated-client, tiered, compressed oops, compressed class ptrs, g1 gc, windows-amd64)
# No core dump will be written. Minidumps are not enabled by default on client versions of Windows
#

---------------  S U M M A R Y ------------

Command Line: -XX:+HeapDumpOnOutOfMemoryError -Xmx1024m -Dsts.lsp.client=vscode -Dsts.log.file=/dev/null -XX:TieredStopAtLevel=1 -Xlog:jni+resolve=off -Dspring.config.location=file:c:\Users\ASUS\.vscode\extensions\vmware.vscode-spring-boot-1.53.0\language-server\BOOT-INF\classes\application.properties org.springframework.ide.vscode.boot.app.BootLanguageServerBootApp

Host: AMD Ryzen 5 3550H with Radeon Vega Mobile Gfx  , 8 cores, 15G,  Windows 11 , 64 bit Build 22621 (10.0.22621.3235)
Time: Tue Mar 19 23:54:48 2024 SE Asia Standard Time elapsed time: 7913.984168 seconds (0d 2h 11m 53s)

---------------  T H R E A D  ---------------

Current thread (0x0000023167c1c840):  VMThread "VM Thread" [stack: 0x000000fea8000000,0x000000fea8100000] [id=29416]

Stack: [0x000000fea8000000,0x000000fea8100000]
Native frames: (J=compiled Java code, j=interpreted, Vv=VM code, C=native code)
V  [jvm.dll+0x67d2c9]
V  [jvm.dll+0x834afa]
V  [jvm.dll+0x8365be]
V  [jvm.dll+0x836c23]
V  [jvm.dll+0x2477ff]
V  [jvm.dll+0xa6c93]
V  [jvm.dll+0x2f8663]
V  [jvm.dll+0x2f42e0]
V  [jvm.dll+0x2dc8c7]
V  [jvm.dll+0x31fb87]
V  [jvm.dll+0x83b11b]
V  [jvm.dll+0x83be61]
V  [jvm.dll+0x83c37d]
V  [jvm.dll+0x83c754]
V  [jvm.dll+0x83c820]
V  [jvm.dll+0x7e3fba]
V  [jvm.dll+0x67c1b5]
C  [ucrtbase.dll+0x29363]
C  [KERNEL32.DLL+0x1257d]
C  [ntdll.dll+0x5aa58]

VM_Operation (0x000000fea98fee10): G1CollectFull, mode: safepoint, requested by thread 0x000002316d7bb870


---------------  P R O C E S S  ---------------

Threads class SMR info:
_java_thread_list=0x000002316e327f60, length=27, elements={
0x000002316c024370, 0x000002316c025100, 0x000002316c056810, 0x000002316c0575a0,
0x000002316c05b290, 0x000002316c05bb60, 0x000002316c05c4e0, 0x000002316c05ee00,
0x000002316c26e220, 0x000002316c2729d0, 0x000002316d740020, 0x000002316d7bb870,
0x000002316d72a060, 0x000002315cda88e0, 0x000002316d856830, 0x000002316c1dc460,
0x000002316d430070, 0x000002316d4314b0, 0x000002316d8896e0, 0x000002316d88a610,
0x000002316d8831a0, 0x000002316d887d90, 0x000002316d88ab20, 0x000002316d884af0,
0x000002316d886440, 0x000002316d8887b0, 0x000002316d88a100
}

Java Threads: ( => current thread )
  0x000002316c024370 JavaThread "Reference Handler" daemon [_thread_blocked, id=30336, stack(0x000000fea8100000,0x000000fea8200000)]
  0x000002316c025100 JavaThread "Finalizer" daemon [_thread_blocked, id=25072, stack(0x000000fea8200000,0x000000fea8300000)]
  0x000002316c056810 JavaThread "Signal Dispatcher" daemon [_thread_blocked, id=17000, stack(0x000000fea8300000,0x000000fea8400000)]
  0x000002316c0575a0 JavaThread "Attach Listener" daemon [_thread_blocked, id=30220, stack(0x000000fea8400000,0x000000fea8500000)]
  0x000002316c05b290 JavaThread "Service Thread" daemon [_thread_blocked, id=19504, stack(0x000000fea8500000,0x000000fea8600000)]
  0x000002316c05bb60 JavaThread "Monitor Deflation Thread" daemon [_thread_blocked, id=9916, stack(0x000000fea8600000,0x000000fea8700000)]
  0x000002316c05c4e0 JavaThread "C1 CompilerThread0" daemon [_thread_blocked, id=24872, stack(0x000000fea8700000,0x000000fea8800000)]
  0x000002316c05ee00 JavaThread "Sweeper thread" daemon [_thread_blocked, id=11060, stack(0x000000fea8800000,0x000000fea8900000)]
  0x000002316c26e220 JavaThread "Notification Thread" daemon [_thread_blocked, id=25108, stack(0x000000fea8a00000,0x000000fea8b00000)]
  0x000002316c2729d0 JavaThread "Common-Cleaner" daemon [_thread_blocked, id=6416, stack(0x000000fea8c00000,0x000000fea8d00000)]
  0x000002316d740020 JavaThread "boundedElastic-evictor-1" daemon [_thread_blocked, id=15180, stack(0x000000fea9200000,0x000000fea9300000)]
  0x000002316d7bb870 JavaThread "pool-13-thread-1" [_thread_blocked, id=6988, stack(0x000000fea9800000,0x000000fea9900000)]
  0x000002316d72a060 JavaThread "LanguageServerApp-lifecycle" [_thread_blocked, id=9116, stack(0x000000fea9900000,0x000000fea9a00000)]
  0x000002315cda88e0 JavaThread "DestroyJavaVM" [_thread_blocked, id=20760, stack(0x000000fea7a00000,0x000000fea7b00000)]
  0x000002316d856830 JavaThread "pool-14-thread-1" [_thread_in_native, id=15804, stack(0x000000fea9a00000,0x000000fea9b00000)]
  0x000002316c1dc460 JavaThread "Simple-Language-Server main thread" daemon [_thread_blocked, id=24604, stack(0x000000fea9b00000,0x000000fea9c00000)]
  0x000002316d430070 JavaThread "pool-8-thread-1" [_thread_blocked, id=30516, stack(0x000000feaa300000,0x000000feaa400000)]
  0x000002316d4314b0 JavaThread "parallel-1" daemon [_thread_blocked, id=7960, stack(0x000000feaa400000,0x000000feaa500000)]
  0x000002316d8896e0 JavaThread "pool-6-thread-1" [_thread_blocked, id=12276, stack(0x000000feaa500000,0x000000feaa600000)]
  0x000002316d88a610 JavaThread "parallel-2" daemon [_thread_blocked, id=29872, stack(0x000000feaa600000,0x000000feaa700000)]
  0x000002316d8831a0 JavaThread "Reconciler-1" daemon [_thread_blocked, id=19804, stack(0x000000fea9400000,0x000000fea9500000)]
  0x000002316d887d90 JavaThread "parallel-3" daemon [_thread_blocked, id=29384, stack(0x000000fea8900000,0x000000fea8a00000)]
  0x000002316d88ab20 JavaThread "parallel-4" daemon [_thread_blocked, id=26792, stack(0x000000feaad00000,0x000000feaae00000)]
  0x000002316d884af0 JavaThread "parallel-5" daemon [_thread_blocked, id=2244, stack(0x000000feab800000,0x000000feab900000)]
  0x000002316d886440 JavaThread "parallel-6" daemon [_thread_blocked, id=22776, stack(0x000000fea7800000,0x000000fea7900000)]
  0x000002316d8887b0 JavaThread "parallel-7" daemon [_thread_blocked, id=14556, stack(0x000000fea9f00000,0x000000feaa000000)]
  0x000002316d88a100 JavaThread "parallel-8" daemon [_thread_blocked, id=22064, stack(0x000000feaa100000,0x000000feaa200000)]

Other Threads:
=>0x0000023167c1c840 VMThread "VM Thread" [stack: 0x000000fea8000000,0x000000fea8100000] [id=29416]
  0x000002316c26e700 WatcherThread [stack: 0x000000fea8b00000,0x000000fea8c00000] [id=21792]
  0x000002315cde69f0 GCTaskThread "GC Thread#0" [stack: 0x000000fea7b00000,0x000000fea7c00000] [id=2356]
  0x000002316cccfbb0 GCTaskThread "GC Thread#1" [stack: 0x000000fea8d00000,0x000000fea8e00000] [id=4504]
  0x000002316cccfe70 GCTaskThread "GC Thread#2" [stack: 0x000000fea8e00000,0x000000fea8f00000] [id=14044]
  0x000002316ccc3e60 GCTaskThread "GC Thread#3" [stack: 0x000000fea8f00000,0x000000fea9000000] [id=20704]
  0x000002316ccc4120 GCTaskThread "GC Thread#4" [stack: 0x000000fea9000000,0x000000fea9100000] [id=16720]
  0x000002316cf51980 GCTaskThread "GC Thread#5" [stack: 0x000000fea9100000,0x000000fea9200000] [id=22256]
  0x000002316cb676a0 GCTaskThread "GC Thread#6" [stack: 0x000000fea9500000,0x000000fea9600000] [id=3144]
  0x000002316cb67ee0 GCTaskThread "GC Thread#7" [stack: 0x000000fea9600000,0x000000fea9700000] [id=12124]
  0x000002315cdef850 ConcurrentGCThread "G1 Main Marker" [stack: 0x000000fea7c00000,0x000000fea7d00000] [id=28508]
  0x000002315cdf0180 ConcurrentGCThread "G1 Conc#0" [stack: 0x000000fea7d00000,0x000000fea7e00000] [id=14436]
  0x000002316cb68720 ConcurrentGCThread "G1 Conc#1" [stack: 0x000000fea9700000,0x000000fea9800000] [id=30700]
  0x0000023167a8a920 ConcurrentGCThread "G1 Refine#0" [stack: 0x000000fea7e00000,0x000000fea7f00000] [id=12228]
  0x0000023167a8b160 ConcurrentGCThread "G1 Service" [stack: 0x000000fea7f00000,0x000000fea8000000] [id=11384]

Threads with active compile tasks:

VM state: at safepoint (normal execution)

VM Mutex/Monitor currently owned by a thread:  ([mutex/lock_event])
[0x000002315acb3230] Threads_lock - owner thread: 0x0000023167c1c840
[0x000002315acaf2f0] Heap_lock - owner thread: 0x000002316d7bb870

Heap address: 0x00000000c0000000, size: 1024 MB, Compressed Oops mode: 32-bit

CDS archive(s) not mapped
Compressed class space mapped at: 0x0000000100000000-0x0000000140000000, reserved size: 1073741824
Narrow klass base: 0x0000000000000000, Narrow klass shift: 3, Narrow klass range: 0x140000000

GC Precious Log:
 CPUs: 8 total, 8 available
 Memory: 15808M
 Large Page Support: Disabled
 NUMA Support: Disabled
 Compressed Oops: Enabled (32-bit)
 Heap Region Size: 1M
 Heap Min Capacity: 8M
 Heap Initial Capacity: 248M
 Heap Max Capacity: 1G
 Pre-touch: Disabled
 Parallel Workers: 8
 Concurrent Workers: 2
 Concurrent Refinement Workers: 8
 Periodic GC: Disabled

Heap:
 garbage-first heap   total 81920K, used 35641K [0x00000000c0000000, 0x0000000100000000)
  region size 1024K, 1 young (1024K), 0 survivors (0K)
 Metaspace       used 58480K, committed 59008K, reserved 1114112K
  class space    used 7258K, committed 7488K, reserved 1048576K

Heap Regions: E=young(eden), S=young(survivor), O=old, HS=humongous(starts), HC=humongous(continues), CS=collection set, F=free, OA=open archive, CA=closed archive, TAMS=top-at-mark-start (previous, next)
|   0|0x00000000c0000000, 0x00000000c0100000, 0x00000000c0100000|100%|HS|  |TAMS 0x00000000c0100000, 0x00000000c0000000| Untracked 
|   1|0x00000000c0100000, 0x00000000c0200000, 0x00000000c0200000|100%|HC|  |TAMS 0x00000000c0200000, 0x00000000c0100000| Untracked 
|   2|0x00000000c0200000, 0x00000000c0300000, 0x00000000c0300000|100%|HC|  |TAMS 0x00000000c0300000, 0x00000000c0200000| Untracked 
|   3|0x00000000c0300000, 0x00000000c0400000, 0x00000000c0400000|100%|HC|  |TAMS 0x00000000c0400000, 0x00000000c0300000| Untracked 
|   4|0x00000000c0400000, 0x00000000c0500000, 0x00000000c0500000|100%|HS|  |TAMS 0x00000000c0500000, 0x00000000c0400000| Untracked 
|   5|0x00000000c0500000, 0x00000000c0600000, 0x00000000c0600000|100%|HC|  |TAMS 0x00000000c0600000, 0x00000000c0500000| Untracked 
|   6|0x00000000c0600000, 0x00000000c06ffff8, 0x00000000c0700000| 99%| O|  |TAMS 0x00000000c06ffff8, 0x00000000c0600000| Untracked 
|   7|0x00000000c0700000, 0x00000000c07ffff8, 0x00000000c0800000| 99%| O|  |TAMS 0x00000000c07ffff8, 0x00000000c0700000| Untracked 
|   8|0x00000000c0800000, 0x00000000c08f7ba8, 0x00000000c0900000| 96%| O|  |TAMS 0x00000000c08f7ba8, 0x00000000c0800000| Untracked 
|   9|0x00000000c0900000, 0x00000000c0a00000, 0x00000000c0a00000|100%| O|  |TAMS 0x00000000c0a00000, 0x00000000c0900000| Untracked 
|  10|0x00000000c0a00000, 0x00000000c0b00000, 0x00000000c0b00000|100%| O|  |TAMS 0x00000000c0b00000, 0x00000000c0a00000| Untracked 
|  11|0x00000000c0b00000, 0x00000000c0bfe238, 0x00000000c0c00000| 99%| O|  |TAMS 0x00000000c0bfe238, 0x00000000c0b00000| Untracked 
|  12|0x00000000c0c00000, 0x00000000c0cffff0, 0x00000000c0d00000| 99%| O|  |TAMS 0x00000000c0cffff0, 0x00000000c0c00000| Untracked 
|  13|0x00000000c0d00000, 0x00000000c0dfe8a8, 0x00000000c0e00000| 99%| O|  |TAMS 0x00000000c0dfe8a8, 0x00000000c0d00000| Untracked 
|  14|0x00000000c0e00000, 0x00000000c0f00000, 0x00000000c0f00000|100%| O|  |TAMS 0x00000000c0f00000, 0x00000000c0e00000| Untracked 
|  15|0x00000000c0f00000, 0x00000000c1000000, 0x00000000c1000000|100%| O|  |TAMS 0x00000000c1000000, 0x00000000c0f00000| Untracked 
|  16|0x00000000c1000000, 0x00000000c10ffff0, 0x00000000c1100000| 99%| O|  |TAMS 0x00000000c10ffff0, 0x00000000c1000000| Untracked 
|  17|0x00000000c1100000, 0x00000000c11fffe8, 0x00000000c1200000| 99%| O|  |TAMS 0x00000000c11fffe8, 0x00000000c1100000| Untracked 
|  18|0x00000000c1200000, 0x00000000c1300000, 0x00000000c1300000|100%| O|  |TAMS 0x00000000c1300000, 0x00000000c1200000| Untracked 
|  19|0x00000000c1300000, 0x00000000c1400000, 0x00000000c1400000|100%| O|  |TAMS 0x00000000c1400000, 0x00000000c1300000| Untracked 
|  20|0x00000000c1400000, 0x00000000c14ffff8, 0x00000000c1500000| 99%| O|  |TAMS 0x00000000c14ffff8, 0x00000000c1400000| Untracked 
|  21|0x00000000c1500000, 0x00000000c15ffff0, 0x00000000c1600000| 99%| O|  |TAMS 0x00000000c15ffff0, 0x00000000c1500000| Untracked 
|  22|0x00000000c1600000, 0x00000000c16ffff8, 0x00000000c1700000| 99%| O|  |TAMS 0x00000000c16ffff8, 0x00000000c1600000| Untracked 
|  23|0x00000000c1700000, 0x00000000c17fa9c8, 0x00000000c1800000| 97%| O|  |TAMS 0x00000000c17fa9c8, 0x00000000c1700000| Untracked 
|  24|0x00000000c1800000, 0x00000000c18ffd68, 0x00000000c1900000| 99%| O|  |TAMS 0x00000000c18ffd68, 0x00000000c1800000| Untracked 
|  25|0x00000000c1900000, 0x00000000c19fe440, 0x00000000c1a00000| 99%| O|  |TAMS 0x00000000c19fe440, 0x00000000c1900000| Untracked 
|  26|0x00000000c1a00000, 0x00000000c1b00000, 0x00000000c1b00000|100%| O|  |TAMS 0x00000000c1b00000, 0x00000000c1a00000| Untracked 
|  27|0x00000000c1b00000, 0x00000000c1c00000, 0x00000000c1c00000|100%|HS|  |TAMS 0x00000000c1c00000, 0x00000000c1b00000| Untracked 
|  28|0x00000000c1c00000, 0x00000000c1cffff0, 0x00000000c1d00000| 99%| O|  |TAMS 0x00000000c1cffff0, 0x00000000c1c00000| Untracked 
|  29|0x00000000c1d00000, 0x00000000c1dffa48, 0x00000000c1e00000| 99%| O|  |TAMS 0x00000000c1dffa48, 0x00000000c1d00000| Untracked 
|  30|0x00000000c1e00000, 0x00000000c1efffd8, 0x00000000c1f00000| 99%| O|  |TAMS 0x00000000c1efffd8, 0x00000000c1e00000| Untracked 
|  31|0x00000000c1f00000, 0x00000000c1ffae90, 0x00000000c2000000| 98%| O|  |TAMS 0x00000000c1ffae90, 0x00000000c1f00000| Untracked 
|  32|0x00000000c2000000, 0x00000000c2100000, 0x00000000c2100000|100%| O|  |TAMS 0x00000000c2100000, 0x00000000c2000000| Untracked 
|  33|0x00000000c2100000, 0x00000000c21e6860, 0x00000000c2200000| 90%| O|  |TAMS 0x00000000c2100000, 0x00000000c2100000| Untracked 
|  34|0x00000000c2200000, 0x00000000c22003c0, 0x00000000c2300000|  0%| O|  |TAMS 0x00000000c2200000, 0x00000000c2200000| Untracked 
|  35|0x00000000c2300000, 0x00000000c2300000, 0x00000000c2400000|  0%| F|  |TAMS 0x00000000c2300000, 0x00000000c2300000| Untracked 
|  36|0x00000000c2400000, 0x00000000c2400000, 0x00000000c2500000|  0%| F|  |TAMS 0x00000000c2400000, 0x00000000c2400000| Untracked 
|  37|0x00000000c2500000, 0x00000000c2500000, 0x00000000c2600000|  0%| F|  |TAMS 0x00000000c2500000, 0x00000000c2500000| Untracked 
|  38|0x00000000c2600000, 0x00000000c2600000, 0x00000000c2700000|  0%| F|  |TAMS 0x00000000c2600000, 0x00000000c2600000| Untracked 
|  39|0x00000000c2700000, 0x00000000c2800000, 0x00000000c2800000|100%| O|  |TAMS 0x00000000c2800000, 0x00000000c2700000| Untracked 
|  40|0x00000000c2800000, 0x00000000c2800000, 0x00000000c2900000|  0%| F|  |TAMS 0x00000000c2800000, 0x00000000c2800000| Untracked 
|  41|0x00000000c2900000, 0x00000000c2900000, 0x00000000c2a00000|  0%| F|  |TAMS 0x00000000c2900000, 0x00000000c2900000| Untracked 
|  42|0x00000000c2a00000, 0x00000000c2a00000, 0x00000000c2b00000|  0%| F|  |TAMS 0x00000000c2a00000, 0x00000000c2a00000| Untracked 
|  43|0x00000000c2b00000, 0x00000000c2b00000, 0x00000000c2c00000|  0%| F|  |TAMS 0x00000000c2b00000, 0x00000000c2b00000| Untracked 
|  44|0x00000000c2c00000, 0x00000000c2c00000, 0x00000000c2d00000|  0%| F|  |TAMS 0x00000000c2c00000, 0x00000000c2c00000| Untracked 
|  45|0x00000000c2d00000, 0x00000000c2d00000, 0x00000000c2e00000|  0%| F|  |TAMS 0x00000000c2d00000, 0x00000000c2d00000| Untracked 
|  46|0x00000000c2e00000, 0x00000000c2e00000, 0x00000000c2f00000|  0%| F|  |TAMS 0x00000000c2e00000, 0x00000000c2e00000| Untracked 
|  47|0x00000000c2f00000, 0x00000000c2f00000, 0x00000000c3000000|  0%| F|  |TAMS 0x00000000c2f00000, 0x00000000c2f00000| Untracked 
|  48|0x00000000c3000000, 0x00000000c3000000, 0x00000000c3100000|  0%| F|  |TAMS 0x00000000c3000000, 0x00000000c3000000| Untracked 
|  49|0x00000000c3100000, 0x00000000c3100000, 0x00000000c3200000|  0%| F|  |TAMS 0x00000000c3100000, 0x00000000c3100000| Untracked 
|  50|0x00000000c3200000, 0x00000000c3200000, 0x00000000c3300000|  0%| F|  |TAMS 0x00000000c3200000, 0x00000000c3200000| Untracked 
|  51|0x00000000c3300000, 0x00000000c3300000, 0x00000000c3400000|  0%| F|  |TAMS 0x00000000c3300000, 0x00000000c3300000| Untracked 
|  52|0x00000000c3400000, 0x00000000c3400000, 0x00000000c3500000|  0%| F|  |TAMS 0x00000000c3400000, 0x00000000c3400000| Untracked 
|  53|0x00000000c3500000, 0x00000000c3500000, 0x00000000c3600000|  0%| F|  |TAMS 0x00000000c3500000, 0x00000000c3500000| Untracked 
|  54|0x00000000c3600000, 0x00000000c3600000, 0x00000000c3700000|  0%| F|  |TAMS 0x00000000c3600000, 0x00000000c3600000| Untracked 
|  55|0x00000000c3700000, 0x00000000c3700000, 0x00000000c3800000|  0%| F|  |TAMS 0x00000000c3700000, 0x00000000c3700000| Untracked 
|  56|0x00000000c3800000, 0x00000000c3800000, 0x00000000c3900000|  0%| F|  |TAMS 0x00000000c3800000, 0x00000000c3800000| Untracked 
|  57|0x00000000c3900000, 0x00000000c3900000, 0x00000000c3a00000|  0%| F|  |TAMS 0x00000000c3900000, 0x00000000c3900000| Untracked 
|  58|0x00000000c3a00000, 0x00000000c3a00000, 0x00000000c3b00000|  0%| F|  |TAMS 0x00000000c3a00000, 0x00000000c3a00000| Untracked 
|  59|0x00000000c3b00000, 0x00000000c3b00000, 0x00000000c3c00000|  0%| F|  |TAMS 0x00000000c3b00000, 0x00000000c3b00000| Untracked 
|  60|0x00000000c3c00000, 0x00000000c3c00000, 0x00000000c3d00000|  0%| F|  |TAMS 0x00000000c3c00000, 0x00000000c3c00000| Untracked 
|  61|0x00000000c3d00000, 0x00000000c3d00000, 0x00000000c3e00000|  0%| F|  |TAMS 0x00000000c3d00000, 0x00000000c3d00000| Untracked 
|  62|0x00000000c3e00000, 0x00000000c3e00000, 0x00000000c3f00000|  0%| F|  |TAMS 0x00000000c3e00000, 0x00000000c3e00000| Untracked 
|  63|0x00000000c3f00000, 0x00000000c3f00000, 0x00000000c4000000|  0%| F|  |TAMS 0x00000000c3f00000, 0x00000000c3f00000| Untracked 
|  64|0x00000000c4000000, 0x00000000c4000000, 0x00000000c4100000|  0%| F|  |TAMS 0x00000000c4000000, 0x00000000c4000000| Untracked 
|  65|0x00000000c4100000, 0x00000000c4100000, 0x00000000c4200000|  0%| F|  |TAMS 0x00000000c4100000, 0x00000000c4100000| Untracked 
|  66|0x00000000c4200000, 0x00000000c4200000, 0x00000000c4300000|  0%| F|  |TAMS 0x00000000c4200000, 0x00000000c4200000| Untracked 
|  67|0x00000000c4300000, 0x00000000c4300000, 0x00000000c4400000|  0%| F|  |TAMS 0x00000000c4300000, 0x00000000c4300000| Untracked 
|  68|0x00000000c4400000, 0x00000000c4400000, 0x00000000c4500000|  0%| F|  |TAMS 0x00000000c4400000, 0x00000000c4400000| Untracked 
|  69|0x00000000c4500000, 0x00000000c4500000, 0x00000000c4600000|  0%| F|  |TAMS 0x00000000c4500000, 0x00000000c4500000| Untracked 
|  70|0x00000000c4600000, 0x00000000c4600000, 0x00000000c4700000|  0%| F|  |TAMS 0x00000000c4600000, 0x00000000c4600000| Untracked 
|  71|0x00000000c4700000, 0x00000000c4700000, 0x00000000c4800000|  0%| F|  |TAMS 0x00000000c4700000, 0x00000000c4700000| Untracked 
|  72|0x00000000c4800000, 0x00000000c4800000, 0x00000000c4900000|  0%| F|  |TAMS 0x00000000c4800000, 0x00000000c4800000| Untracked 
| 210|0x00000000cd200000, 0x00000000cd200000, 0x00000000cd300000|  0%| F|  |TAMS 0x00000000cd200000, 0x00000000cd200000| Untracked 
| 211|0x00000000cd300000, 0x00000000cd300000, 0x00000000cd400000|  0%| F|  |TAMS 0x00000000cd300000, 0x00000000cd300000| Untracked 
| 212|0x00000000cd400000, 0x00000000cd400000, 0x00000000cd500000|  0%| F|  |TAMS 0x00000000cd400000, 0x00000000cd400000| Untracked 
| 213|0x00000000cd500000, 0x00000000cd500000, 0x00000000cd600000|  0%| F|  |TAMS 0x00000000cd500000, 0x00000000cd500000| Untracked 
| 214|0x00000000cd600000, 0x00000000cd600000, 0x00000000cd700000|  0%| F|  |TAMS 0x00000000cd600000, 0x00000000cd600000| Untracked 
| 246|0x00000000cf600000, 0x00000000cf600000, 0x00000000cf700000|  0%| F|  |TAMS 0x00000000cf600000, 0x00000000cf600000| Untracked 
| 247|0x00000000cf700000, 0x00000000cf7093a8, 0x00000000cf800000|  3%| E|  |TAMS 0x00000000cf700000, 0x00000000cf700000| Complete 

Card table byte_map: [0x0000023162d40000,0x0000023162f40000] _byte_map_base: 0x0000023162740000

Marking Bits (Prev, Next): (CMBitMap*) 0x000002315cde6f60, (CMBitMap*) 0x000002315cde6f20
 Prev Bits: [0x0000023164140000, 0x0000023165140000)
 Next Bits: [0x0000023163140000, 0x0000023164140000)

Polling page: 0x000002315c550000

Metaspace:

Usage:
  Non-class:     50.02 MB used.
      Class:      7.09 MB used.
       Both:     57.11 MB used.

Virtual space:
  Non-class space:       64.00 MB reserved,      50.31 MB ( 79%) committed,  1 nodes.
      Class space:        1.00 GB reserved,       7.31 MB ( <1%) committed,  1 nodes.
             Both:        1.06 GB reserved,      57.62 MB (  5%) committed. 

Chunk freelists:
   Non-Class:  13.25 MB
       Class:  8.71 MB
        Both:  21.96 MB

MaxMetaspaceSize: unlimited
CompressedClassSpaceSize: 1.00 GB
Initial GC threshold: 21.00 MB
Current GC threshold: 95.94 MB
CDS: off
MetaspaceReclaimPolicy: balanced
 - commit_granule_bytes: 65536.
 - commit_granule_words: 8192.
 - virtual_space_node_default_size: 8388608.
 - enlarge_chunks_in_place: 1.
 - new_chunks_are_fully_committed: 0.
 - uncommit_free_chunks: 1.
 - use_allocation_guard: 0.
 - handle_deallocations: 1.


Internal statistics:

num_allocs_failed_limit: 6.
num_arena_births: 704.
num_arena_deaths: 250.
num_vsnodes_births: 2.
num_vsnodes_deaths: 0.
num_space_committed: 922.
num_space_uncommitted: 0.
num_chunks_returned_to_freelist: 308.
num_chunks_taken_from_freelist: 2576.
num_chunk_merges: 91.
num_chunk_splits: 1744.
num_chunks_enlarged: 1327.
num_inconsistent_stats: 0.

CodeCache: size=49152Kb used=12282Kb max_used=13735Kb free=36869Kb
 bounds [0x000002315fa30000, 0x00000231607e0000, 0x0000023162a30000]
 total_blobs=7375 nmethods=6704 adapters=595
 compilation: enabled
              stopped_count=0, restarted_count=0
 full_count=0

Compilation events (20 events):
Event: 5557.135 Thread 0x000002316c05c4e0 6703       1       org.eclipse.jdt.internal.compiler.lookup.BaseTypeBinding::constantPoolName (5 bytes)
Event: 5557.135 Thread 0x000002316c05c4e0 nmethod 6703 0x000002316052b610 code [0x000002316052b7a0, 0x000002316052b878]
Event: 5557.163 Thread 0x000002316c05c4e0 6704       1       org.eclipse.jdt.internal.compiler.ast.TypeReference::dimensions (2 bytes)
Event: 5557.163 Thread 0x000002316c05c4e0 nmethod 6704 0x000002316052b310 code [0x000002316052b4a0, 0x000002316052b578]
Event: 5557.166 Thread 0x000002316c05c4e0 6705       1       org.eclipse.jdt.core.dom.ASTRecoveryPropagator::markIncludedProblems (366 bytes)
Event: 5557.166 Thread 0x000002316c05c4e0 nmethod 6705 0x000002316052ad10 code [0x000002316052aec0, 0x000002316052b118]
Event: 5557.166 Thread 0x000002316c05c4e0 6706       1       org.springframework.ide.vscode.commons.languageserver.util.Settings::getRawProperty (10 bytes)
Event: 5557.167 Thread 0x000002316c05c4e0 nmethod 6706 0x000002316052aa10 code [0x000002316052aba0, 0x000002316052ac88]
Event: 5557.168 Thread 0x000002316c05c4e0 6707       1       org.eclipse.jdt.internal.compiler.lookup.AnnotationBinding::<init> (15 bytes)
Event: 5557.168 Thread 0x000002316c05c4e0 nmethod 6707 0x000002316052a690 code [0x000002316052a820, 0x000002316052a978]
Event: 5557.171 Thread 0x000002316c05c4e0 6708       1       org.eclipse.jdt.core.dom.FieldDeclaration::fragments (5 bytes)
Event: 5557.172 Thread 0x000002316c05c4e0 nmethod 6708 0x000002316052a390 code [0x000002316052a520, 0x000002316052a5f8]
Event: 5558.273 Thread 0x000002316c05c4e0 6709   !   1       org.springframework.ide.vscode.boot.java.annotations.AnnotationHierarchies::internalFindTransitiveSuperAnnotationBindings (76 bytes)
Event: 5558.275 Thread 0x000002316c05c4e0 nmethod 6709 0x0000023160528e90 code [0x0000023160529160, 0x0000023160529b38]
Event: 5558.715 Thread 0x000002316c05c4e0 6710       1       com.google.gson.internal.$Gson$Types$ParameterizedTypeImpl::<init> (162 bytes)
Event: 5558.716 Thread 0x000002316c05c4e0 nmethod 6710 0x0000023160527f90 code [0x00000231605281e0, 0x0000023160528a68]
Event: 5559.073 Thread 0x000002316c05c4e0 6711       1       org.springframework.ide.vscode.boot.app.BootJavaConfig::getRawSettings (5 bytes)
Event: 5559.074 Thread 0x000002316c05c4e0 nmethod 6711 0x0000023160527c90 code [0x0000023160527e20, 0x0000023160527ef8]
Event: 5559.075 Thread 0x000002316c05c4e0 6712   !   1       org.springframework.ide.vscode.boot.java.annotations.AnnotationHierarchies::getDirectSuperAnnotationBindings (140 bytes)
Event: 5559.076 Thread 0x000002316c05c4e0 nmethod 6712 0x0000023160526590 code [0x0000023160526840, 0x00000231605271e8]

GC Heap History (20 events):
Event: 7660.130 GC heap before
{Heap before GC invocations=354 (full 334):
 garbage-first heap   total 81920K, used 35641K [0x00000000c0000000, 0x0000000100000000)
  region size 1024K, 1 young (1024K), 0 survivors (0K)
 Metaspace       used 58480K, committed 59008K, reserved 1114112K
  class space    used 7258K, committed 7488K, reserved 1048576K
}
Event: 7660.159 GC heap after
{Heap after GC invocations=355 (full 335):
 garbage-first heap   total 81920K, used 35641K [0x00000000c0000000, 0x0000000100000000)
  region size 1024K, 0 young (0K), 0 survivors (0K)
 Metaspace       used 58480K, committed 59008K, reserved 1114112K
  class space    used 7258K, committed 7488K, reserved 1048576K
}
Event: 7670.322 GC heap before
{Heap before GC invocations=355 (full 335):
 garbage-first heap   total 81920K, used 35641K [0x00000000c0000000, 0x0000000100000000)
  region size 1024K, 1 young (1024K), 0 survivors (0K)
 Metaspace       used 58480K, committed 59008K, reserved 1114112K
  class space    used 7258K, committed 7488K, reserved 1048576K
}
Event: 7670.349 GC heap after
{Heap after GC invocations=356 (full 336):
 garbage-first heap   total 81920K, used 35640K [0x00000000c0000000, 0x0000000100000000)
  region size 1024K, 0 young (0K), 0 survivors (0K)
 Metaspace       used 58480K, committed 59008K, reserved 1114112K
  class space    used 7258K, committed 7488K, reserved 1048576K
}
Event: 7680.526 GC heap before
{Heap before GC invocations=356 (full 336):
 garbage-first heap   total 81920K, used 35640K [0x00000000c0000000, 0x0000000100000000)
  region size 1024K, 1 young (1024K), 0 survivors (0K)
 Metaspace       used 58480K, committed 59008K, reserved 1114112K
  class space    used 7258K, committed 7488K, reserved 1048576K
}
Event: 7680.554 GC heap after
{Heap after GC invocations=357 (full 337):
 garbage-first heap   total 81920K, used 35640K [0x00000000c0000000, 0x0000000100000000)
  region size 1024K, 0 young (0K), 0 survivors (0K)
 Metaspace       used 58480K, committed 59008K, reserved 1114112K
  class space    used 7258K, committed 7488K, reserved 1048576K
}
Event: 7690.730 GC heap before
{Heap before GC invocations=357 (full 337):
 garbage-first heap   total 81920K, used 35640K [0x00000000c0000000, 0x0000000100000000)
  region size 1024K, 1 young (1024K), 0 survivors (0K)
 Metaspace       used 58480K, committed 59008K, reserved 1114112K
  class space    used 7258K, committed 7488K, reserved 1048576K
}
Event: 7690.758 GC heap after
{Heap after GC invocations=358 (full 338):
 garbage-first heap   total 81920K, used 35640K [0x00000000c0000000, 0x0000000100000000)
  region size 1024K, 0 young (0K), 0 survivors (0K)
 Metaspace       used 58480K, committed 59008K, reserved 1114112K
  class space    used 7258K, committed 7488K, reserved 1048576K
}
Event: 7700.923 GC heap before
{Heap before GC invocations=358 (full 338):
 garbage-first heap   total 81920K, used 35640K [0x00000000c0000000, 0x0000000100000000)
  region size 1024K, 1 young (1024K), 0 survivors (0K)
 Metaspace       used 58480K, committed 59008K, reserved 1114112K
  class space    used 7258K, committed 7488K, reserved 1048576K
}
Event: 7700.952 GC heap after
{Heap after GC invocations=359 (full 339):
 garbage-first heap   total 81920K, used 35640K [0x00000000c0000000, 0x0000000100000000)
  region size 1024K, 0 young (0K), 0 survivors (0K)
 Metaspace       used 58480K, committed 59008K, reserved 1114112K
  class space    used 7258K, committed 7488K, reserved 1048576K
}
Event: 7711.113 GC heap before
{Heap before GC invocations=359 (full 339):
 garbage-first heap   total 81920K, used 35640K [0x00000000c0000000, 0x0000000100000000)
  region size 1024K, 1 young (1024K), 0 survivors (0K)
 Metaspace       used 58480K, committed 59008K, reserved 1114112K
  class space    used 7258K, committed 7488K, reserved 1048576K
}
Event: 7711.141 GC heap after
{Heap after GC invocations=360 (full 340):
 garbage-first heap   total 81920K, used 35640K [0x00000000c0000000, 0x0000000100000000)
  region size 1024K, 0 young (0K), 0 survivors (0K)
 Metaspace       used 58480K, committed 59008K, reserved 1114112K
  class space    used 7258K, committed 7488K, reserved 1048576K
}
Event: 7721.358 GC heap before
{Heap before GC invocations=360 (full 340):
 garbage-first heap   total 81920K, used 35640K [0x00000000c0000000, 0x0000000100000000)
  region size 1024K, 1 young (1024K), 0 survivors (0K)
 Metaspace       used 58480K, committed 59008K, reserved 1114112K
  class space    used 7258K, committed 7488K, reserved 1048576K
}
Event: 7721.389 GC heap after
{Heap after GC invocations=361 (full 341):
 garbage-first heap   total 81920K, used 35640K [0x00000000c0000000, 0x0000000100000000)
  region size 1024K, 0 young (0K), 0 survivors (0K)
 Metaspace       used 58480K, committed 59008K, reserved 1114112K
  class space    used 7258K, committed 7488K, reserved 1048576K
}
Event: 7881.760 GC heap before
{Heap before GC invocations=361 (full 341):
 garbage-first heap   total 81920K, used 37688K [0x00000000c0000000, 0x0000000100000000)
  region size 1024K, 3 young (3072K), 0 survivors (0K)
 Metaspace       used 58480K, committed 59008K, reserved 1114112K
  class space    used 7258K, committed 7488K, reserved 1048576K
}
Event: 7881.790 GC heap after
{Heap after GC invocations=362 (full 342):
 garbage-first heap   total 81920K, used 35641K [0x00000000c0000000, 0x0000000100000000)
  region size 1024K, 0 young (0K), 0 survivors (0K)
 Metaspace       used 58480K, committed 59008K, reserved 1114112K
  class space    used 7258K, committed 7488K, reserved 1048576K
}
Event: 7891.990 GC heap before
{Heap before GC invocations=362 (full 342):
 garbage-first heap   total 81920K, used 35641K [0x00000000c0000000, 0x0000000100000000)
  region size 1024K, 1 young (1024K), 0 survivors (0K)
 Metaspace       used 58480K, committed 59008K, reserved 1114112K
  class space    used 7258K, committed 7488K, reserved 1048576K
}
Event: 7892.020 GC heap after
{Heap after GC invocations=363 (full 343):
 garbage-first heap   total 81920K, used 35641K [0x00000000c0000000, 0x0000000100000000)
  region size 1024K, 0 young (0K), 0 survivors (0K)
 Metaspace       used 58480K, committed 59008K, reserved 1114112K
  class space    used 7258K, committed 7488K, reserved 1048576K
}
Event: 7903.898 GC heap before
{Heap before GC invocations=363 (full 343):
 garbage-first heap   total 81920K, used 35641K [0x00000000c0000000, 0x0000000100000000)
  region size 1024K, 1 young (1024K), 0 survivors (0K)
 Metaspace       used 58480K, committed 59008K, reserved 1114112K
  class space    used 7258K, committed 7488K, reserved 1048576K
}
Event: 7903.943 GC heap after
{Heap after GC invocations=364 (full 344):
 garbage-first heap   total 81920K, used 35641K [0x00000000c0000000, 0x0000000100000000)
  region size 1024K, 0 young (0K), 0 survivors (0K)
 Metaspace       used 58480K, committed 59008K, reserved 1114112K
  class space    used 7258K, committed 7488K, reserved 1048576K
}

Dll operation events (10 events):
Event: 0.067 Loaded shared library c:\Users\ASUS\.vscode\extensions\redhat.java-1.28.1-win32-x64\jre\17.0.10-win32-x86_64\bin\java.dll
Event: 2.543 Loaded shared library C:\Users\ASUS\.vscode\extensions\redhat.java-1.28.1-win32-x64\jre\17.0.10-win32-x86_64\bin\net.dll
Event: 2.549 Loaded shared library C:\Users\ASUS\.vscode\extensions\redhat.java-1.28.1-win32-x64\jre\17.0.10-win32-x86_64\bin\nio.dll
Event: 2.589 Loaded shared library C:\Users\ASUS\.vscode\extensions\redhat.java-1.28.1-win32-x64\jre\17.0.10-win32-x86_64\bin\zip.dll
Event: 4.802 Loaded shared library C:\Users\ASUS\.vscode\extensions\redhat.java-1.28.1-win32-x64\jre\17.0.10-win32-x86_64\bin\jimage.dll
Event: 8.102 Loaded shared library c:\Users\ASUS\.vscode\extensions\redhat.java-1.28.1-win32-x64\jre\17.0.10-win32-x86_64\bin\verify.dll
Event: 12.784 Loaded shared library C:\Users\ASUS\.vscode\extensions\redhat.java-1.28.1-win32-x64\jre\17.0.10-win32-x86_64\bin\management.dll
Event: 12.792 Loaded shared library C:\Users\ASUS\.vscode\extensions\redhat.java-1.28.1-win32-x64\jre\17.0.10-win32-x86_64\bin\management_ext.dll
Event: 17.973 Loaded shared library C:\Users\ASUS\.vscode\extensions\redhat.java-1.28.1-win32-x64\jre\17.0.10-win32-x86_64\bin\sunmscapi.dll
Event: 18.845 Loaded shared library C:\Users\ASUS\.vscode\extensions\redhat.java-1.28.1-win32-x64\jre\17.0.10-win32-x86_64\bin\extnet.dll

Deoptimization events (20 events):
Event: 18.363 Thread 0x000002316d888cc0 DEOPT PACKING pc=0x000002315fc1b50c sp=0x000000feaaefaeb0
Event: 18.363 Thread 0x000002316d888cc0 DEOPT UNPACKING pc=0x000002315fa87143 sp=0x000000feaaefa378 mode 0
Event: 20.467 Thread 0x000002316d883bc0 DEOPT PACKING pc=0x0000023160415564 sp=0x000000feaacfd1a0
Event: 20.467 Thread 0x000002316d883bc0 DEOPT UNPACKING pc=0x000002315fa87143 sp=0x000000feaacfc848 mode 0
Event: 23.033 Thread 0x000002316d887370 DEOPT PACKING pc=0x0000023160196724 sp=0x000000feaabfea20
Event: 23.033 Thread 0x000002316d887370 DEOPT UNPACKING pc=0x000002315fa87143 sp=0x000000feaabfdf08 mode 0
Event: 23.033 Thread 0x000002316d887370 DEOPT PACKING pc=0x0000023160196724 sp=0x000000feaabfefb0
Event: 23.033 Thread 0x000002316d887370 DEOPT UNPACKING pc=0x000002315fa87143 sp=0x000000feaabfe498 mode 0
Event: 23.047 Thread 0x000002316d8887b0 DEOPT PACKING pc=0x0000023160196724 sp=0x000000feaaaff1e0
Event: 23.047 Thread 0x000002316d8887b0 DEOPT UNPACKING pc=0x000002315fa87143 sp=0x000000feaaafe6c8 mode 0
Event: 23.054 Thread 0x000002316d886440 DEOPT PACKING pc=0x0000023160196724 sp=0x000000feaa8fea70
Event: 23.054 Thread 0x000002316d886440 DEOPT UNPACKING pc=0x000002315fa87143 sp=0x000000feaa8fdf58 mode 0
Event: 23.054 Thread 0x000002316d886440 DEOPT PACKING pc=0x0000023160196724 sp=0x000000feaa8ff000
Event: 23.054 Thread 0x000002316d886440 DEOPT UNPACKING pc=0x000002315fa87143 sp=0x000000feaa8fe4e8 mode 0
Event: 23.054 Thread 0x000002316d887880 DEOPT PACKING pc=0x0000023160196724 sp=0x000000feaa9ff330
Event: 23.054 Thread 0x000002316d887880 DEOPT UNPACKING pc=0x000002315fa87143 sp=0x000000feaa9fe818 mode 0
Event: 23.126 Thread 0x000002316d88a100 DEOPT PACKING pc=0x0000023160196724 sp=0x000000fea93fefd0
Event: 23.126 Thread 0x000002316d88a100 DEOPT UNPACKING pc=0x000002315fa87143 sp=0x000000fea93fe4b8 mode 0
Event: 117.422 Thread 0x000002316d856830 DEOPT PACKING pc=0x00000231600c04d4 sp=0x000000fea9afeb90
Event: 117.422 Thread 0x000002316d856830 DEOPT UNPACKING pc=0x000002315fa87143 sp=0x000000fea9afe018 mode 0

Classes unloaded (20 events):
Event: 103.392 Thread 0x0000023167c1c840 Unloading class 0x000000010008ac00 'java/lang/invoke/LambdaForm$MH+0x000000010008ac00'
Event: 103.392 Thread 0x0000023167c1c840 Unloading class 0x000000010008a400 'java/lang/invoke/LambdaForm$MH+0x000000010008a400'
Event: 103.392 Thread 0x0000023167c1c840 Unloading class 0x000000010008a000 'java/lang/invoke/LambdaForm$MH+0x000000010008a000'
Event: 103.392 Thread 0x0000023167c1c840 Unloading class 0x0000000100089c00 'java/lang/invoke/LambdaForm$MH+0x0000000100089c00'
Event: 103.392 Thread 0x0000023167c1c840 Unloading class 0x0000000100089800 'java/lang/invoke/LambdaForm$MH+0x0000000100089800'
Event: 103.392 Thread 0x0000023167c1c840 Unloading class 0x0000000100089400 'java/lang/invoke/LambdaForm$MH+0x0000000100089400'
Event: 103.392 Thread 0x0000023167c1c840 Unloading class 0x0000000100088c00 'java/lang/invoke/LambdaForm$MH+0x0000000100088c00'
Event: 103.392 Thread 0x0000023167c1c840 Unloading class 0x0000000100088400 'java/lang/invoke/LambdaForm$MH+0x0000000100088400'
Event: 445.879 Thread 0x0000023167c1c840 Unloading class 0x00000001003a5c00 'java/lang/invoke/LambdaForm$MH+0x00000001003a5c00'
Event: 445.879 Thread 0x0000023167c1c840 Unloading class 0x00000001003a6c00 'java/lang/invoke/LambdaForm$MH+0x00000001003a6c00'
Event: 445.879 Thread 0x0000023167c1c840 Unloading class 0x00000001003ae400 'java/lang/invoke/LambdaForm$MH+0x00000001003ae400'
Event: 445.879 Thread 0x0000023167c1c840 Unloading class 0x00000001003b0c00 'java/lang/invoke/LambdaForm$MH+0x00000001003b0c00'
Event: 445.879 Thread 0x0000023167c1c840 Unloading class 0x0000000100408000 'java/lang/invoke/LambdaForm$MH+0x0000000100408000'
Event: 445.879 Thread 0x0000023167c1c840 Unloading class 0x0000000100408800 'java/lang/invoke/LambdaForm$MH+0x0000000100408800'
Event: 445.879 Thread 0x0000023167c1c840 Unloading class 0x0000000100428400 'java/lang/invoke/LambdaForm$MH+0x0000000100428400'
Event: 445.879 Thread 0x0000023167c1c840 Unloading class 0x000000010042a000 'java/lang/invoke/LambdaForm$MH+0x000000010042a000'
Event: 445.879 Thread 0x0000023167c1c840 Unloading class 0x0000000100559000 'java/lang/invoke/LambdaForm$MH+0x0000000100559000'
Event: 445.879 Thread 0x0000023167c1c840 Unloading class 0x0000000100559800 'java/lang/invoke/LambdaForm$MH+0x0000000100559800'
Event: 445.879 Thread 0x0000023167c1c840 Unloading class 0x000000010055c000 'java/lang/invoke/LambdaForm$MH+0x000000010055c000'
Event: 445.879 Thread 0x0000023167c1c840 Unloading class 0x000000010055c800 'java/lang/invoke/LambdaForm$MH+0x000000010055c800'

Classes redefined (0 events):
No events

Internal exceptions (20 events):
Event: 17.206 Thread 0x000002316d8896e0 Exception <a 'sun/nio/fs/WindowsException'{0x00000000cd4e78b0}> (0x00000000cd4e78b0) 
thrown [s\src\hotspot\share\prims\jni.cpp, line 516]
Event: 17.206 Thread 0x000002316d8896e0 Exception <a 'sun/nio/fs/WindowsException'{0x00000000cd4e8298}> (0x00000000cd4e8298) 
thrown [s\src\hotspot\share\prims\jni.cpp, line 516]
Event: 17.207 Thread 0x000002316d8896e0 Exception <a 'sun/nio/fs/WindowsException'{0x00000000cd4e8d80}> (0x00000000cd4e8d80) 
thrown [s\src\hotspot\share\prims\jni.cpp, line 516]
Event: 17.207 Thread 0x000002316d8896e0 Exception <a 'sun/nio/fs/WindowsException'{0x00000000cd4e98d0}> (0x00000000cd4e98d0) 
thrown [s\src\hotspot\share\prims\jni.cpp, line 516]
Event: 17.365 Thread 0x000002316d888cc0 Exception <a 'java/lang/NoSuchMethodError'{0x00000000cd230328}: 'void java.lang.invoke.DirectMethodHandle$Holder.invokeVirtual(java.lang.Object, java.lang.Object, java.lang.Object, java.lang.Object)'> (0x00000000cd230328) 
thrown [s\src\hotspot\share\interpreter\linkResolver.cpp, line 759]
Event: 17.805 Thread 0x000002316d888cc0 Exception <a 'java/lang/NoSuchMethodError'{0x00000000c3b473e0}: 'java.lang.Object java.lang.invoke.DirectMethodHandle$Holder.invokeStatic(java.lang.Object, java.lang.Object, int, java.lang.Object)'> (0x00000000c3b473e0) 
thrown [s\src\hotspot\share\interpreter\linkResolver.cpp, line 759]
Event: 17.806 Thread 0x000002316d888cc0 Exception <a 'java/lang/NoSuchMethodError'{0x00000000c3b4d7c0}: 'java.lang.Object java.lang.invoke.DirectMethodHandle$Holder.newInvokeSpecial(java.lang.Object, java.lang.Object, int)'> (0x00000000c3b4d7c0) 
thrown [s\src\hotspot\share\interpreter\linkResolver.cpp, line 759]
Event: 18.327 Thread 0x000002316d888cc0 Exception <a 'sun/nio/fs/WindowsException'{0x00000000cd20b8b0}> (0x00000000cd20b8b0) 
thrown [s\src\hotspot\share\prims\jni.cpp, line 516]
Event: 18.397 Thread 0x000002316d883bc0 Exception <a 'java/lang/NoSuchMethodError'{0x00000000cd28c198}: 'java.lang.Object java.lang.invoke.Invokers$Holder.invoke_MT(java.lang.Object, java.lang.Object, java.lang.Object)'> (0x00000000cd28c198) 
thrown [s\src\hotspot\share\interpreter\linkResolver.cpp, line 759]
Event: 20.074 Thread 0x000002316d883bc0 Exception <a 'java/lang/IncompatibleClassChangeError'{0x00000000cd294b78}: Found class java.lang.Object, but interface was expected> (0x00000000cd294b78) 
thrown [s\src\hotspot\share\interpreter\linkResolver.cpp, line 826]
Event: 20.271 Thread 0x000002316d883bc0 Exception <a 'java/lang/NoSuchMethodError'{0x00000000cd639120}: 'int java.lang.invoke.DirectMethodHandle$Holder.invokeSpecialIFC(java.lang.Object, java.lang.Object, java.lang.Object)'> (0x00000000cd639120) 
thrown [s\src\hotspot\share\interpreter\linkResolver.cpp, line 759]
Event: 20.942 Thread 0x000002316d8831a0 Exception <a 'java/lang/NoSuchMethodError'{0x00000000c42b8240}: 'java.lang.Object java.lang.invoke.DirectMethodHandle$Holder.newInvokeSpecial(java.lang.Object, java.lang.Object, java.lang.Object, java.lang.Object, java.lang.Object, long)'> (0x00000000c42b8240) 
thrown [s\src\hotspot\share\interpreter\linkResolver.cpp, line 759]
Event: 20.943 Thread 0x000002316d8831a0 Exception <a 'java/lang/NoSuchMethodError'{0x00000000c42d4508}: 'java.lang.Object java.lang.invoke.DirectMethodHandle$Holder.invokeSpecial(java.lang.Object, java.lang.Object, java.lang.Object, java.lang.Object, java.lang.Object, java.lang.Object, long)'> (0x00000000c42d4508) 
thrown [s\src\hotspot\share\interpreter\linkResolver.cpp, line 759]
Event: 21.754 Thread 0x000002316d885000 Exception <a 'java/lang/NoSuchMethodError'{0x00000000c47530c8}: 'int java.lang.invoke.DirectMethodHandle$Holder.invokeStatic(java.lang.Object, int, java.lang.Object)'> (0x00000000c47530c8) 
thrown [s\src\hotspot\share\interpreter\linkResolver.cpp, line 759]
Event: 22.805 Thread 0x000002316d886440 Exception <a 'java/lang/NoSuchMethodError'{0x00000000c40cec88}: 'java.lang.Object java.lang.invoke.Invokers$Holder.linkToTargetMethod(int, int, int, java.lang.Object)'> (0x00000000c40cec88) 
thrown [s\src\hotspot\share\interpreter\linkResolver.cpp, line 759]
Event: 92.823 Thread 0x000002316d7bb870 Exception <a 'java/lang/NoSuchMethodError'{0x00000000cd4a6560}: 'void java.lang.invoke.DirectMethodHandle$Holder.invokeStatic(java.lang.Object, long)'> (0x00000000cd4a6560) 
thrown [s\src\hotspot\share\interpreter\linkResolver.cpp, line 759]
Event: 92.824 Thread 0x000002316d7bb870 Exception <a 'java/lang/NoSuchMethodError'{0x00000000cd301e90}: 'java.lang.Object java.lang.invoke.DirectMethodHandle$Holder.newInvokeSpecial(java.lang.Object, long)'> (0x00000000cd301e90) 
thrown [s\src\hotspot\share\interpreter\linkResolver.cpp, line 759]
Event: 319.853 Thread 0x000002316d8891d0 Exception <a 'java/io/IOException'{0x00000000c3efd948}> (0x00000000c3efd948) 
thrown [s\src\hotspot\share\prims\jni.cpp, line 516]
Event: 320.269 Thread 0x000002316d8840d0 Exception <a 'java/io/IOException'{0x00000000c3d0adf0}> (0x00000000c3d0adf0) 
thrown [s\src\hotspot\share\prims\jni.cpp, line 516]
Event: 321.262 Thread 0x000002316d889bf0 Exception <a 'java/io/IOException'{0x00000000c3d0f248}> (0x00000000c3d0f248) 
thrown [s\src\hotspot\share\prims\jni.cpp, line 516]

VM Operations (20 events):
Event: 7660.159 Executing VM operation: G1CollectFull done
Event: 7670.322 Executing VM operation: G1CollectFull
Event: 7670.349 Executing VM operation: G1CollectFull done
Event: 7680.526 Executing VM operation: G1CollectFull
Event: 7680.555 Executing VM operation: G1CollectFull done
Event: 7690.730 Executing VM operation: G1CollectFull
Event: 7690.758 Executing VM operation: G1CollectFull done
Event: 7700.923 Executing VM operation: G1CollectFull
Event: 7700.952 Executing VM operation: G1CollectFull done
Event: 7711.113 Executing VM operation: G1CollectFull
Event: 7711.141 Executing VM operation: G1CollectFull done
Event: 7721.358 Executing VM operation: G1CollectFull
Event: 7721.389 Executing VM operation: G1CollectFull done
Event: 7881.760 Executing VM operation: G1CollectFull
Event: 7881.790 Executing VM operation: G1CollectFull done
Event: 7891.990 Executing VM operation: G1CollectFull
Event: 7892.020 Executing VM operation: G1CollectFull done
Event: 7903.898 Executing VM operation: G1CollectFull
Event: 7903.943 Executing VM operation: G1CollectFull done
Event: 7913.982 Executing VM operation: G1CollectFull

Events (20 events):
Event: 5629.794 Thread 0x000002316d887370 Thread exited: 0x000002316d887370
Event: 5703.376 Thread 0x000002316d8836b0 Thread exited: 0x000002316d8836b0
Event: 5720.026 Thread 0x000002316d885000 Thread added: 0x000002316d885000
Event: 5913.512 Thread 0x000002316d885000 Thread exited: 0x000002316d885000
Event: 5929.505 Thread 0x000002316d887370 Thread added: 0x000002316d887370
Event: 6107.803 Thread 0x000002316d887370 Thread exited: 0x000002316d887370
Event: 6147.823 Thread 0x000002316d885000 Thread added: 0x000002316d885000
Event: 6447.227 Thread 0x000002316d885000 Thread exited: 0x000002316d885000
Event: 6727.543 Thread 0x000002316d886e60 Thread added: 0x000002316d886e60
Event: 6809.759 Thread 0x000002316d886e60 Thread exited: 0x000002316d886e60
Event: 6810.996 Thread 0x000002316d8882a0 Thread added: 0x000002316d8882a0
Event: 6921.851 Thread 0x000002316d8882a0 Thread exited: 0x000002316d8882a0
Event: 6954.278 Thread 0x000002316d887880 Thread added: 0x000002316d887880
Event: 7026.258 Thread 0x000002316d887880 Thread exited: 0x000002316d887880
Event: 7028.794 Thread 0x000002316d8840d0 Thread added: 0x000002316d8840d0
Event: 7203.313 Thread 0x000002316d8840d0 Thread exited: 0x000002316d8840d0
Event: 7217.118 Thread 0x000002316d8836b0 Thread added: 0x000002316d8836b0
Event: 7668.788 Thread 0x000002316d8836b0 Thread exited: 0x000002316d8836b0
Event: 7722.934 Thread 0x000002316d887880 Thread added: 0x000002316d887880
Event: 7910.151 Thread 0x000002316d887880 Thread exited: 0x000002316d887880


Dynamic libraries:
0x00007ff6fceb0000 - 0x00007ff6fcebe000 	c:\Users\ASUS\.vscode\extensions\redhat.java-1.28.1-win32-x64\jre\17.0.10-win32-x86_64\bin\java.exe
0x00007ff9c5ed0000 - 0x00007ff9c60e6000 	C:\Windows\SYSTEM32\ntdll.dll
0x00007ff9c45a0000 - 0x00007ff9c4664000 	C:\Windows\System32\KERNEL32.DLL
0x00007ff9c3310000 - 0x00007ff9c36b6000 	C:\Windows\System32\KERNELBASE.dll
0x00007ff9c36c0000 - 0x00007ff9c37d1000 	C:\Windows\System32\ucrtbase.dll
0x00007ff9be8c0000 - 0x00007ff9be8d7000 	c:\Users\ASUS\.vscode\extensions\redhat.java-1.28.1-win32-x64\jre\17.0.10-win32-x86_64\bin\jli.dll
0x00007ff9c4ce0000 - 0x00007ff9c4e8d000 	C:\Windows\System32\USER32.dll
0x00007ff9c32e0000 - 0x00007ff9c3306000 	C:\Windows\System32\win32u.dll
0x00007ff9c5060000 - 0x00007ff9c5089000 	C:\Windows\System32\GDI32.dll
0x00007ff9c3990000 - 0x00007ff9c3aa8000 	C:\Windows\System32\gdi32full.dll
0x00007ff9c3210000 - 0x00007ff9c32aa000 	C:\Windows\System32\msvcp_win.dll
0x00007ff9bd0e0000 - 0x00007ff9bd0fb000 	c:\Users\ASUS\.vscode\extensions\redhat.java-1.28.1-win32-x64\jre\17.0.10-win32-x86_64\bin\VCRUNTIME140.dll
0x00007ff9aec90000 - 0x00007ff9aef23000 	C:\Windows\WinSxS\amd64_microsoft.windows.common-controls_6595b64144ccf1df_6.0.22621.3235_none_270f74e173860f98\COMCTL32.dll
0x00007ff9c44e0000 - 0x00007ff9c4587000 	C:\Windows\System32\msvcrt.dll
0x00007ff9c4440000 - 0x00007ff9c4471000 	C:\Windows\System32\IMM32.DLL
0x00007ff9c0530000 - 0x00007ff9c053c000 	c:\Users\ASUS\.vscode\extensions\redhat.java-1.28.1-win32-x64\jre\17.0.10-win32-x86_64\bin\vcruntime140_1.dll
0x00007ff9764e0000 - 0x00007ff97656d000 	c:\Users\ASUS\.vscode\extensions\redhat.java-1.28.1-win32-x64\jre\17.0.10-win32-x86_64\bin\msvcp140.dll
0x00007ff955390000 - 0x00007ff955ff2000 	c:\Users\ASUS\.vscode\extensions\redhat.java-1.28.1-win32-x64\jre\17.0.10-win32-x86_64\bin\server\jvm.dll
0x00007ff9c41e0000 - 0x00007ff9c4292000 	C:\Windows\System32\ADVAPI32.dll
0x00007ff9c4390000 - 0x00007ff9c4438000 	C:\Windows\System32\sechost.dll
0x00007ff9c32b0000 - 0x00007ff9c32d8000 	C:\Windows\System32\bcrypt.dll
0x00007ff9c5120000 - 0x00007ff9c5235000 	C:\Windows\System32\RPCRT4.dll
0x00007ff9c2440000 - 0x00007ff9c248d000 	C:\Windows\SYSTEM32\POWRPROF.dll
0x00007ff99ebf0000 - 0x00007ff99ebf9000 	C:\Windows\SYSTEM32\WSOCK32.dll
0x00007ff9c4b00000 - 0x00007ff9c4b71000 	C:\Windows\System32\WS2_32.dll
0x00007ff9bc0b0000 - 0x00007ff9bc0e4000 	C:\Windows\SYSTEM32\WINMM.dll
0x00007ff9ba720000 - 0x00007ff9ba72a000 	C:\Windows\SYSTEM32\VERSION.dll
0x00007ff9c22f0000 - 0x00007ff9c2303000 	C:\Windows\SYSTEM32\UMPDC.dll
0x00007ff9c22d0000 - 0x00007ff9c22e8000 	C:\Windows\SYSTEM32\kernel.appcore.dll
0x00007ff9bce70000 - 0x00007ff9bce7a000 	c:\Users\ASUS\.vscode\extensions\redhat.java-1.28.1-win32-x64\jre\17.0.10-win32-x86_64\bin\jimage.dll
0x00007ff9b88e0000 - 0x00007ff9b8b13000 	C:\Windows\SYSTEM32\DBGHELP.DLL
0x00007ff9c5240000 - 0x00007ff9c55c8000 	C:\Windows\System32\combase.dll
0x00007ff9c4870000 - 0x00007ff9c4947000 	C:\Windows\System32\OLEAUT32.dll
0x00007ff9a2890000 - 0x00007ff9a28c2000 	C:\Windows\SYSTEM32\dbgcore.DLL
0x00007ff9c3850000 - 0x00007ff9c38ca000 	C:\Windows\System32\bcryptPrimitives.dll
0x00007ff9b80a0000 - 0x00007ff9b80c5000 	c:\Users\ASUS\.vscode\extensions\redhat.java-1.28.1-win32-x64\jre\17.0.10-win32-x86_64\bin\java.dll
0x00007ff9b83c0000 - 0x00007ff9b83d8000 	c:\Users\ASUS\.vscode\extensions\redhat.java-1.28.1-win32-x64\jre\17.0.10-win32-x86_64\bin\zip.dll
0x00007ff9c55d0000 - 0x00007ff9c5e2d000 	C:\Windows\System32\SHELL32.dll
0x00007ff9c1170000 - 0x00007ff9c1a68000 	C:\Windows\SYSTEM32\windows.storage.dll
0x00007ff9c1030000 - 0x00007ff9c116e000 	C:\Windows\SYSTEM32\wintypes.dll
0x00007ff9c40c0000 - 0x00007ff9c41b3000 	C:\Windows\System32\SHCORE.dll
0x00007ff9c4670000 - 0x00007ff9c46ce000 	C:\Windows\System32\shlwapi.dll
0x00007ff9c3140000 - 0x00007ff9c3166000 	C:\Windows\SYSTEM32\profapi.dll
0x00007ff9bceb0000 - 0x00007ff9bcec9000 	C:\Users\ASUS\.vscode\extensions\redhat.java-1.28.1-win32-x64\jre\17.0.10-win32-x86_64\bin\net.dll
0x00007ff9bc600000 - 0x00007ff9bc737000 	C:\Windows\SYSTEM32\WINHTTP.dll
0x00007ff9c27c0000 - 0x00007ff9c2829000 	C:\Windows\system32\mswsock.dll
0x00007ff9b8080000 - 0x00007ff9b8096000 	C:\Users\ASUS\.vscode\extensions\redhat.java-1.28.1-win32-x64\jre\17.0.10-win32-x86_64\bin\nio.dll
0x00007ff9bcea0000 - 0x00007ff9bceb0000 	c:\Users\ASUS\.vscode\extensions\redhat.java-1.28.1-win32-x64\jre\17.0.10-win32-x86_64\bin\verify.dll
0x00007ff9c2a20000 - 0x00007ff9c2a3b000 	C:\Windows\SYSTEM32\CRYPTSP.dll
0x00007ff9c2220000 - 0x00007ff9c2255000 	C:\Windows\system32\rsaenh.dll
0x00007ff9c28b0000 - 0x00007ff9c28dc000 	C:\Windows\SYSTEM32\USERENV.dll
0x00007ff9c2a10000 - 0x00007ff9c2a1c000 	C:\Windows\SYSTEM32\CRYPTBASE.dll
0x00007ff9c1cd0000 - 0x00007ff9c1cfd000 	C:\Windows\SYSTEM32\IPHLPAPI.DLL
0x00007ff9c42a0000 - 0x00007ff9c42a9000 	C:\Windows\System32\NSI.dll
0x00007ff9bc9f0000 - 0x00007ff9bca09000 	C:\Windows\SYSTEM32\dhcpcsvc6.DLL
0x00007ff9bc550000 - 0x00007ff9bc56f000 	C:\Windows\SYSTEM32\dhcpcsvc.DLL
0x00007ff9c1d40000 - 0x00007ff9c1e39000 	C:\Windows\SYSTEM32\DNSAPI.dll
0x00007ff9c05a0000 - 0x00007ff9c05a9000 	C:\Users\ASUS\.vscode\extensions\redhat.java-1.28.1-win32-x64\jre\17.0.10-win32-x86_64\bin\management.dll
0x00007ff9c0590000 - 0x00007ff9c059b000 	C:\Users\ASUS\.vscode\extensions\redhat.java-1.28.1-win32-x64\jre\17.0.10-win32-x86_64\bin\management_ext.dll
0x00007ff9c4380000 - 0x00007ff9c4388000 	C:\Windows\System32\PSAPI.DLL
0x00007ff9c0500000 - 0x00007ff9c050e000 	C:\Users\ASUS\.vscode\extensions\redhat.java-1.28.1-win32-x64\jre\17.0.10-win32-x86_64\bin\sunmscapi.dll
0x00007ff9c3ab0000 - 0x00007ff9c3c16000 	C:\Windows\System32\CRYPT32.dll
0x00007ff9c2bd0000 - 0x00007ff9c2bfe000 	C:\Windows\SYSTEM32\ncrypt.dll
0x00007ff9c2b90000 - 0x00007ff9c2bc7000 	C:\Windows\SYSTEM32\NTASN1.dll
0x00007ff9bc9e0000 - 0x00007ff9bc9ea000 	C:\Windows\System32\rasadhlp.dll
0x00007ff9baef0000 - 0x00007ff9baf73000 	C:\Windows\System32\fwpuclnt.dll
0x00007ff9b7fa0000 - 0x00007ff9b7fa9000 	C:\Users\ASUS\.vscode\extensions\redhat.java-1.28.1-win32-x64\jre\17.0.10-win32-x86_64\bin\extnet.dll

dbghelp: loaded successfully - version: 4.0.5 - missing functions: none
symbol engine: initialized successfully - sym options: 0x614 - pdb path: .;c:\Users\ASUS\.vscode\extensions\redhat.java-1.28.1-win32-x64\jre\17.0.10-win32-x86_64\bin;C:\Windows\SYSTEM32;C:\Windows\WinSxS\amd64_microsoft.windows.common-controls_6595b64144ccf1df_6.0.22621.3235_none_270f74e173860f98;c:\Users\ASUS\.vscode\extensions\redhat.java-1.28.1-win32-x64\jre\17.0.10-win32-x86_64\bin\server

VM Arguments:
jvm_args: -XX:+HeapDumpOnOutOfMemoryError -Xmx1024m -Dsts.lsp.client=vscode -Dsts.log.file=/dev/null -XX:TieredStopAtLevel=1 -Xlog:jni+resolve=off -Dspring.config.location=file:c:\Users\ASUS\.vscode\extensions\vmware.vscode-spring-boot-1.53.0\language-server\BOOT-INF\classes\application.properties 
java_command: org.springframework.ide.vscode.boot.app.BootLanguageServerBootApp
java_class_path (initial): c:\Users\ASUS\.vscode\extensions\vmware.vscode-spring-boot-1.53.0\language-server\BOOT-INF\classes;c:\Users\ASUS\.vscode\extensions\vmware.vscode-spring-boot-1.53.0\language-server\BOOT-INF\lib\annotations-24.1.0.jar;c:\Users\ASUS\.vscode\extensions\vmware.vscode-spring-boot-1.53.0\language-server\BOOT-INF\lib\antlr4-runtime-4.11.1.jar;c:\Users\ASUS\.vscode\extensions\vmware.vscode-spring-boot-1.53.0\language-server\BOOT-INF\lib\asm-9.6.jar;c:\Users\ASUS\.vscode\extensions\vmware.vscode-spring-boot-1.53.0\language-server\BOOT-INF\lib\asm-analysis-9.6.jar;c:\Users\ASUS\.vscode\extensions\vmware.vscode-spring-boot-1.53.0\language-server\BOOT-INF\lib\asm-tree-9.6.jar;c:\Users\ASUS\.vscode\extensions\vmware.vscode-spring-boot-1.53.0\language-server\BOOT-INF\lib\asm-util-9.6.jar;c:\Users\ASUS\.vscode\extensions\vmware.vscode-spring-boot-1.53.0\language-server\BOOT-INF\lib\caffeine-3.1.8.jar;c:\Users\ASUS\.vscode\extensions\vmware.vscode-spring-boot-1.53.0\language-server\BOOT-INF\lib\checker-qual-3.12.0.jar;c:\Users\ASUS\.vscode\extensions\vmware.vscode-spring-boot-1.53.0\language-server\BOOT-INF\lib\classgraph-4.8.149.jar;c:\Users\ASUS\.vscode\extensions\vmware.vscode-spring-boot-1.53.0\language-server\BOOT-INF\lib\commons-codec-1.16.1.jar;c:\Users\ASUS\.vscode\extensions\vmware.vscode-spring-boot-1.53.0\language-server\BOOT-INF\lib\commons-compress-1.26.0.jar;c:\Users\ASUS\.vscode\extensions\vmware.vscode-spring-boot-1.53.0\language-server\BOOT-INF\lib\commons-io-2.4.jar;c:\Users\ASUS\.vscode\extensions\vmware.vscode-spring-boot-1.53.0\language-server\BOOT-INF\lib\commons-java-1.53.0-SNAPSHOT.jar;c:\Users\ASUS\.vscode\extensions\vmware.vscode-spring-boot-1.53.0\language-server\BOOT-INF\lib\commons-lang3-3.13.0.jar;c:\Users\ASUS\.vscode\extensions\vmware.vscode-spring-boot-1.53.0\language-server\BOOT-INF\lib\commons-language-server-1.53.0-SNAPSHOT.jar;c:\Users\ASUS\.vscode\extensions\vmware.vscode-spring-boot-1.53.0\language-server\BOOT-INF\
Launcher Type: SUN_STANDARD

[Global flags]
     intx CICompilerCount                          = 4                                         {product} {ergonomic}
     uint ConcGCThreads                            = 2                                         {product} {ergonomic}
     uint G1ConcRefinementThreads                  = 8                                         {product} {ergonomic}
   size_t G1HeapRegionSize                         = 1048576                                   {product} {ergonomic}
    uintx GCDrainStackTargetSize                   = 64                                        {product} {ergonomic}
     bool HeapDumpOnOutOfMemoryError               = true                                   {manageable} {command line}
   size_t InitialHeapSize                          = 260046848                                 {product} {ergonomic}
   size_t MarkStackSize                            = 4194304                                   {product} {ergonomic}
   size_t MaxHeapSize                              = 1073741824                                {product} {command line}
   size_t MaxNewSize                               = 643825664                                 {product} {ergonomic}
   size_t MinHeapDeltaBytes                        = 1048576                                   {product} {ergonomic}
   size_t MinHeapSize                              = 8388608                                   {product} {ergonomic}
    uintx NonProfiledCodeHeapSize                  = 0                                      {pd product} {ergonomic}
     bool ProfileInterpreter                       = false                                  {pd product} {command line}
    uintx ProfiledCodeHeapSize                     = 0                                      {pd product} {ergonomic}
   size_t SoftMaxHeapSize                          = 1073741824                             {manageable} {ergonomic}
     intx TieredStopAtLevel                        = 1                                         {product} {command line}
     bool UseCompressedClassPointers               = true                           {product lp64_product} {ergonomic}
     bool UseCompressedOops                        = true                           {product lp64_product} {ergonomic}
     bool UseG1GC                                  = true                                      {product} {ergonomic}
     bool UseLargePagesIndividualAllocation        = false                                  {pd product} {ergonomic}

Logging:
Log output configuration:
 #0: stdout all=warning,jni+resolve=off uptime,level,tags
 #1: stderr all=off uptime,level,tags

Environment Variables:
JAVA_HOME=C:\Program Files\Java\jdk-21
PATH=C:\Program Files\Common Files\Oracle\Java\javapath;C:\Windows\system32;C:\Windows;C:\Windows\System32\Wbem;C:\Windows\System32\WindowsPowerShell\v1.0\;C:\Windows\System32\OpenSSH\;C:\xampp\php;C:\ProgramData\ComposerSetup\bin;C:\Program Files\Git\cmd;C:\Program Files\nodejs\;C:\ProgramData\chocolatey\bin;C:\Users\ASUS\AppData\Local\Programs\Python\Python311\Scripts;C:\Python311;C:\Python311\Scripts;C:\Program Files\Java\jdk-18.0.2.1\bin;E:\Workspace-for-OpenGL\PYOPENGL\freeglut64.vc14.dll;D:\DEV\WorkSpace-for-Python\ffmpeg-master-latest-win64-gpl-shared\bin;C:\Program Files\dotnet\;C:\Users\ASUS\AppData\Local\Programs\Python\Python311\Scripts\;C:\Users\ASUS\AppData\Local\Programs\Python\Python311\;C:\Program Files\Common Files\Oracle\Java\javapath;C:\Windows\system32;C:\Windows;C:\Windows\System32\Wbem;C:\Windows\System32\WindowsPowerShell\v1.0\;C:\Windows\System32\OpenSSH\;C:\xampp\php;C:\ProgramData\ComposerSetup\bin;C:\Program Files\Git\cmd;C:\Program Files\nodejs\;C:\ProgramData\chocolatey\bin;C:\Users\ASUS\AppData\Local\Microsoft\WindowsApps;C:\Users\ASUS\AppData\Local\Programs\Microsoft VS Code\bin;C:\Users\ASUS\AppData\Roaming\Composer\vendor\bin;C:\Users\ASUS\AppData\Roaming\npm;C:\Python311\Scripts;;D:\JetBrains\IntelliJ IDEA 2023.2.5\bin;
USERNAME=ASUS
OS=Windows_NT
PROCESSOR_IDENTIFIER=AMD64 Family 23 Model 24 Stepping 1, AuthenticAMD
TMP=C:\Users\ASUS\AppData\Local\Temp
TEMP=C:\Users\ASUS\AppData\Local\Temp



Periodic native trim disabled


---------------  S Y S T E M  ---------------

OS:
 Windows 11 , 64 bit Build 22621 (10.0.22621.3235)
OS uptime: 3 days 4:51 hours

CPU: total 8 (initial active 8) (8 cores per cpu, 2 threads per core) family 23 model 24 stepping 1 microcode 0x0, cx8, cmov, fxsr, ht, mmx, 3dnowpref, sse, sse2, sse3, ssse3, sse4a, sse4.1, sse4.2, popcnt, lzcnt, tsc, tscinvbit, avx, avx2, aes, clmul, bmi1, bmi2, adx, sha, fma, vzeroupper, clflush, clflushopt
Processor Information for all 8 processors :
  Max Mhz: 2100, Current Mhz: 2100, Mhz Limit: 2100

Memory: 4k page, system-wide physical 15808M (2483M free)
TotalPageFile size 34115M (AvailPageFile size 8M)
current process WorkingSet (physical memory assigned to process): 113M, peak: 212M
current process commit charge ("private bytes"): 250M, peak: 358M

vm_info: OpenJDK 64-Bit Server VM (17.0.10+7) for windows-amd64 JRE (17.0.10+7), built on Jan 16 2024 23:25:11 by "admin" with MS VC++ 16.10 / 16.11 (VS2019)

END.
